# JRE version: OpenJDK Runtime Environment Temurin-17.0.11+9 (17.0.11+9) (build 17.0.11+9)
# Java VM: OpenJDK 64-Bit Server VM Temurin-17.0.11+9 (17.0.11+9, mixed mode, emulated-client, tiered, compressed oops, compressed class ptrs, g1 gc, windows-amd64)
GC Precious Log:
 CPUs: 8 total, 8 available
 Memory: 8034M
 Large Page Support: Disabled
 NUMA Support: Disabled
 Compressed Oops: Enabled (32-bit)
 Heap Region Size: 1M
 Heap Min Capacity: 8M
 Heap Initial Capacity: 126M
 Heap Max Capacity: 1G
 Pre-touch: Disabled
 Parallel Workers: 8
 Concurrent Workers: 2
 Concurrent Refinement Workers: 8
 Periodic GC: Disabled
Heap:
 garbage-first heap   total 86016K, used 24783K [0x00000000c0000000, 0x0000000100000000)
  region size 1024K, 1 young (1024K), 0 survivors (0K)
 Metaspace       used 39375K, committed 40000K, reserved 1114112K
  class space    used 5206K, committed 5440K, reserved 1048576K
GC Heap History (20 events):
Event: 35429.001 GC heap before
{Heap before GC invocations=1056 (full 1048):
 garbage-first heap   total 86016K, used 24783K [0x00000000c0000000, 0x0000000100000000)
  region size 1024K, 1 young (1024K), 0 survivors (0K)
 Metaspace       used 39375K, committed 40000K, reserved 1114112K
  class space    used 5206K, committed 5440K, reserved 1048576K
}
Event: 35429.040 GC heap after
{Heap after GC invocations=1057 (full 1049):
 garbage-first heap   total 86016K, used 24783K [0x00000000c0000000, 0x0000000100000000)
  region size 1024K, 0 young (0K), 0 survivors (0K)
 Metaspace       used 39375K, committed 40000K, reserved 1114112K
  class space    used 5206K, committed 5440K, reserved 1048576K
}
Event: 35439.375 GC heap before
{Heap before GC invocations=1057 (full 1049):
 garbage-first heap   total 86016K, used 24783K [0x00000000c0000000, 0x0000000100000000)
  region size 1024K, 1 young (1024K), 0 survivors (0K)
 Metaspace       used 39375K, committed 40000K, reserved 1114112K
  class space    used 5206K, committed 5440K, reserved 1048576K
}
Event: 35439.420 GC heap after
{Heap after GC invocations=1058 (full 1050):
 garbage-first heap   total 86016K, used 24783K [0x00000000c0000000, 0x0000000100000000)
  region size 1024K, 0 young (0K), 0 survivors (0K)
 Metaspace       used 39375K, committed 40000K, reserved 1114112K
  class space    used 5206K, committed 5440K, reserved 1048576K
}
Event: 35449.767 GC heap before
{Heap before GC invocations=1058 (full 1050):
 garbage-first heap   total 86016K, used 24783K [0x00000000c0000000, 0x0000000100000000)
  region size 1024K, 1 young (1024K), 0 survivors (0K)
 Metaspace       used 39375K, committed 40000K, reserved 1114112K
  class space    used 5206K, committed 5440K, reserved 1048576K
}
Event: 35449.807 GC heap after
{Heap after GC invocations=1059 (full 1051):
 garbage-first heap   total 86016K, used 24783K [0x00000000c0000000, 0x0000000100000000)
  region size 1024K, 0 young (0K), 0 survivors (0K)
 Metaspace       used 39375K, committed 40000K, reserved 1114112K
  class space    used 5206K, committed 5440K, reserved 1048576K
}
Event: 35460.233 GC heap before
{Heap before GC invocations=1059 (full 1051):
 garbage-first heap   total 86016K, used 24783K [0x00000000c0000000, 0x0000000100000000)
  region size 1024K, 1 young (1024K), 0 survivors (0K)
 Metaspace       used 39375K, committed 40000K, reserved 1114112K
  class space    used 5206K, committed 5440K, reserved 1048576K
}
Event: 35460.275 GC heap after
{Heap after GC invocations=1060 (full 1052):
 garbage-first heap   total 86016K, used 24783K [0x00000000c0000000, 0x0000000100000000)
  region size 1024K, 0 young (0K), 0 survivors (0K)
 Metaspace       used 39375K, committed 40000K, reserved 1114112K
  class space    used 5206K, committed 5440K, reserved 1048576K
}
Event: 35470.693 GC heap before
{Heap before GC invocations=1060 (full 1052):
 garbage-first heap   total 86016K, used 24783K [0x00000000c0000000, 0x0000000100000000)
  region size 1024K, 1 young (1024K), 0 survivors (0K)
 Metaspace       used 39375K, committed 40000K, reserved 1114112K
  class space    used 5206K, committed 5440K, reserved 1048576K
}
Event: 35470.733 GC heap after
{Heap after GC invocations=1061 (full 1053):
 garbage-first heap   total 86016K, used 24783K [0x00000000c0000000, 0x0000000100000000)
  region size 1024K, 0 young (0K), 0 survivors (0K)
 Metaspace       used 39375K, committed 40000K, reserved 1114112K
  class space    used 5206K, committed 5440K, reserved 1048576K
}
Event: 35481.270 GC heap before
{Heap before GC invocations=1061 (full 1053):
 garbage-first heap   total 86016K, used 24783K [0x00000000c0000000, 0x0000000100000000)
  region size 1024K, 1 young (1024K), 0 survivors (0K)
 Metaspace       used 39375K, committed 40000K, reserved 1114112K
  class space    used 5206K, committed 5440K, reserved 1048576K
}
Event: 35481.318 GC heap after
{Heap after GC invocations=1062 (full 1054):
 garbage-first heap   total 86016K, used 24783K [0x00000000c0000000, 0x0000000100000000)
  region size 1024K, 0 young (0K), 0 survivors (0K)
 Metaspace       used 39375K, committed 40000K, reserved 1114112K
  class space    used 5206K, committed 5440K, reserved 1048576K
}
Event: 35491.632 GC heap before
{Heap before GC invocations=1062 (full 1054):
 garbage-first heap   total 86016K, used 24783K [0x00000000c0000000, 0x0000000100000000)
  region size 1024K, 1 young (1024K), 0 survivors (0K)
 Metaspace       used 39375K, committed 40000K, reserved 1114112K
  class space    used 5206K, committed 5440K, reserved 1048576K
}
Event: 35491.674 GC heap after
{Heap after GC invocations=1063 (full 1055):
 garbage-first heap   total 86016K, used 24783K [0x00000000c0000000, 0x0000000100000000)
  region size 1024K, 0 young (0K), 0 survivors (0K)
 Metaspace       used 39375K, committed 40000K, reserved 1114112K
  class space    used 5206K, committed 5440K, reserved 1048576K
}
Event: 35502.080 GC heap before
{Heap before GC invocations=1063 (full 1055):
 garbage-first heap   total 86016K, used 24783K [0x00000000c0000000, 0x0000000100000000)
  region size 1024K, 1 young (1024K), 0 survivors (0K)
 Metaspace       used 39375K, committed 40000K, reserved 1114112K
  class space    used 5206K, committed 5440K, reserved 1048576K
}
Event: 35502.126 GC heap after
{Heap after GC invocations=1064 (full 1056):
 garbage-first heap   total 86016K, used 24783K [0x00000000c0000000, 0x0000000100000000)
  region size 1024K, 0 young (0K), 0 survivors (0K)
 Metaspace       used 39375K, committed 40000K, reserved 1114112K
  class space    used 5206K, committed 5440K, reserved 1048576K
}
Event: 35512.920 GC heap before
{Heap before GC invocations=1064 (full 1056):
 garbage-first heap   total 86016K, used 24783K [0x00000000c0000000, 0x0000000100000000)
  region size 1024K, 1 young (1024K), 0 survivors (0K)
 Metaspace       used 39375K, committed 40000K, reserved 1114112K
  class space    used 5206K, committed 5440K, reserved 1048576K
}
Event: 35512.971 GC heap after
{Heap after GC invocations=1065 (full 1057):
 garbage-first heap   total 86016K, used 24783K [0x00000000c0000000, 0x0000000100000000)
  region size 1024K, 0 young (0K), 0 survivors (0K)
 Metaspace       used 39375K, committed 40000K, reserved 1114112K
  class space    used 5206K, committed 5440K, reserved 1048576K
}
Event: 35524.177 GC heap before
{Heap before GC invocations=1065 (full 1057):
 garbage-first heap   total 86016K, used 24783K [0x00000000c0000000, 0x0000000100000000)
  region size 1024K, 1 young (1024K), 0 survivors (0K)
 Metaspace       used 39375K, committed 40000K, reserved 1114112K
  class space    used 5206K, committed 5440K, reserved 1048576K
}
Event: 35524.239 GC heap after
{Heap after GC invocations=1066 (full 1058):
 garbage-first heap   total 86016K, used 24783K [0x00000000c0000000, 0x0000000100000000)
  region size 1024K, 0 young (0K), 0 survivors (0K)
 Metaspace       used 39375K, committed 40000K, reserved 1114112K
  class space    used 5206K, committed 5440K, reserved 1048576K
}

